-------------------------------------------------------------------------------
Test set: hello.ApplicationTests
-------------------------------------------------------------------------------
Tests run: 5, Failures: 0, Errors: 5, Skipped: 0, Time elapsed: 11.277 s <<< FAILURE! - in hello.ApplicationTests
accessUnsecuredResourceThenOk(hello.ApplicationTests)  Time elapsed: 0.005 s  <<< ERROR!
java.lang.IllegalStateException: Failed to load ApplicationContext
Caused by: org.springframework.beans.factory.BeanCreationException: Error creating bean with name 'springSecurityFilterChain' defined in class path resource [org/springframework/security/config/annotation/web/configuration/WebSecurityConfiguration.class]: Bean instantiation via factory method failed; nested exception is org.springframework.beans.BeanInstantiationException: Failed to instantiate [javax.servlet.Filter]: Factory method 'springSecurityFilterChain' threw exception; nested exception is org.springframework.beans.factory.BeanCreationException: Error creating bean with name 'userDetailsService' defined in class path resource [hello/WebSecurityConfig.class]: Bean instantiation via factory method failed; nested exception is org.springframework.beans.BeanInstantiationException: Failed to instantiate [org.springframework.security.core.userdetails.UserDetailsService]: Factory method 'userDetailsService' threw exception; nested exception is java.lang.IndexOutOfBoundsException: Index: 0, Size: 0
Caused by: org.springframework.beans.BeanInstantiationException: Failed to instantiate [javax.servlet.Filter]: Factory method 'springSecurityFilterChain' threw exception; nested exception is org.springframework.beans.factory.BeanCreationException: Error creating bean with name 'userDetailsService' defined in class path resource [hello/WebSecurityConfig.class]: Bean instantiation via factory method failed; nested exception is org.springframework.beans.BeanInstantiationException: Failed to instantiate [org.springframework.security.core.userdetails.UserDetailsService]: Factory method 'userDetailsService' threw exception; nested exception is java.lang.IndexOutOfBoundsException: Index: 0, Size: 0
Caused by: org.springframework.beans.factory.BeanCreationException: Error creating bean with name 'userDetailsService' defined in class path resource [hello/WebSecurityConfig.class]: Bean instantiation via factory method failed; nested exception is org.springframework.beans.BeanInstantiationException: Failed to instantiate [org.springframework.security.core.userdetails.UserDetailsService]: Factory method 'userDetailsService' threw exception; nested exception is java.lang.IndexOutOfBoundsException: Index: 0, Size: 0
Caused by: org.springframework.beans.BeanInstantiationException: Failed to instantiate [org.springframework.security.core.userdetails.UserDetailsService]: Factory method 'userDetailsService' threw exception; nested exception is java.lang.IndexOutOfBoundsException: Index: 0, Size: 0
Caused by: java.lang.IndexOutOfBoundsException: Index: 0, Size: 0

accessSecuredResourceUnauthenticatedThenRedirectsToLogin(hello.ApplicationTests)  Time elapsed: 0.001 s  <<< ERROR!
java.lang.IllegalStateException: Failed to load ApplicationContext
Caused by: org.springframework.beans.factory.BeanCreationException: Error creating bean with name 'springSecurityFilterChain' defined in class path resource [org/springframework/security/config/annotation/web/configuration/WebSecurityConfiguration.class]: Bean instantiation via factory method failed; nested exception is org.springframework.beans.BeanInstantiationException: Failed to instantiate [javax.servlet.Filter]: Factory method 'springSecurityFilterChain' threw exception; nested exception is org.springframework.beans.factory.BeanCreationException: Error creating bean with name 'userDetailsService' defined in class path resource [hello/WebSecurityConfig.class]: Bean instantiation via factory method failed; nested exception is org.springframework.beans.BeanInstantiationException: Failed to instantiate [org.springframework.security.core.userdetails.UserDetailsService]: Factory method 'userDetailsService' threw exception; nested exception is java.lang.IndexOutOfBoundsException: Index: 0, Size: 0
Caused by: org.springframework.beans.BeanInstantiationException: Failed to instantiate [javax.servlet.Filter]: Factory method 'springSecurityFilterChain' threw exception; nested exception is org.springframework.beans.factory.BeanCreationException: Error creating bean with name 'userDetailsService' defined in class path resource [hello/WebSecurityConfig.class]: Bean instantiation via factory method failed; nested exception is org.springframework.beans.BeanInstantiationException: Failed to instantiate [org.springframework.security.core.userdetails.UserDetailsService]: Factory method 'userDetailsService' threw exception; nested exception is java.lang.IndexOutOfBoundsException: Index: 0, Size: 0
Caused by: org.springframework.beans.factory.BeanCreationException: Error creating bean with name 'userDetailsService' defined in class path resource [hello/WebSecurityConfig.class]: Bean instantiation via factory method failed; nested exception is org.springframework.beans.BeanInstantiationException: Failed to instantiate [org.springframework.security.core.userdetails.UserDetailsService]: Factory method 'userDetailsService' threw exception; nested exception is java.lang.IndexOutOfBoundsException: Index: 0, Size: 0
Caused by: org.springframework.beans.BeanInstantiationException: Failed to instantiate [org.springframework.security.core.userdetails.UserDetailsService]: Factory method 'userDetailsService' threw exception; nested exception is java.lang.IndexOutOfBoundsException: Index: 0, Size: 0
Caused by: java.lang.IndexOutOfBoundsException: Index: 0, Size: 0

loginWithInvalidUserThenUnauthenticated(hello.ApplicationTests)  Time elapsed: 0 s  <<< ERROR!
java.lang.IllegalStateException: Failed to load ApplicationContext
Caused by: org.springframework.beans.factory.BeanCreationException: Error creating bean with name 'springSecurityFilterChain' defined in class path resource [org/springframework/security/config/annotation/web/configuration/WebSecurityConfiguration.class]: Bean instantiation via factory method failed; nested exception is org.springframework.beans.BeanInstantiationException: Failed to instantiate [javax.servlet.Filter]: Factory method 'springSecurityFilterChain' threw exception; nested exception is org.springframework.beans.factory.BeanCreationException: Error creating bean with name 'userDetailsService' defined in class path resource [hello/WebSecurityConfig.class]: Bean instantiation via factory method failed; nested exception is org.springframework.beans.BeanInstantiationException: Failed to instantiate [org.springframework.security.core.userdetails.UserDetailsService]: Factory method 'userDetailsService' threw exception; nested exception is java.lang.IndexOutOfBoundsException: Index: 0, Size: 0
Caused by: org.springframework.beans.BeanInstantiationException: Failed to instantiate [javax.servlet.Filter]: Factory method 'springSecurityFilterChain' threw exception; nested exception is org.springframework.beans.factory.BeanCreationException: Error creating bean with name 'userDetailsService' defined in class path resource [hello/WebSecurityConfig.class]: Bean instantiation via factory method failed; nested exception is org.springframework.beans.BeanInstantiationException: Failed to instantiate [org.springframework.security.core.userdetails.UserDetailsService]: Factory method 'userDetailsService' threw exception; nested exception is java.lang.IndexOutOfBoundsException: Index: 0, Size: 0
Caused by: org.springframework.beans.factory.BeanCreationException: Error creating bean with name 'userDetailsService' defined in class path resource [hello/WebSecurityConfig.class]: Bean instantiation via factory method failed; nested exception is org.springframework.beans.BeanInstantiationException: Failed to instantiate [org.springframework.security.core.userdetails.UserDetailsService]: Factory method 'userDetailsService' threw exception; nested exception is java.lang.IndexOutOfBoundsException: Index: 0, Size: 0
Caused by: org.springframework.beans.BeanInstantiationException: Failed to instantiate [org.springframework.security.core.userdetails.UserDetailsService]: Factory method 'userDetailsService' threw exception; nested exception is java.lang.IndexOutOfBoundsException: Index: 0, Size: 0
Caused by: java.lang.IndexOutOfBoundsException: Index: 0, Size: 0

loginWithValidUserThenAuthenticated(hello.ApplicationTests)  Time elapsed: 0 s  <<< ERROR!
java.lang.IllegalStateException: Failed to load ApplicationContext
Caused by: org.springframework.beans.factory.BeanCreationException: Error creating bean with name 'springSecurityFilterChain' defined in class path resource [org/springframework/security/config/annotation/web/configuration/WebSecurityConfiguration.class]: Bean instantiation via factory method failed; nested exception is org.springframework.beans.BeanInstantiationException: Failed to instantiate [javax.servlet.Filter]: Factory method 'springSecurityFilterChain' threw exception; nested exception is org.springframework.beans.factory.BeanCreationException: Error creating bean with name 'userDetailsService' defined in class path resource [hello/WebSecurityConfig.class]: Bean instantiation via factory method failed; nested exception is org.springframework.beans.BeanInstantiationException: Failed to instantiate [org.springframework.security.core.userdetails.UserDetailsService]: Factory method 'userDetailsService' threw exception; nested exception is java.lang.IndexOutOfBoundsException: Index: 0, Size: 0
Caused by: org.springframework.beans.BeanInstantiationException: Failed to instantiate [javax.servlet.Filter]: Factory method 'springSecurityFilterChain' threw exception; nested exception is org.springframework.beans.factory.BeanCreationException: Error creating bean with name 'userDetailsService' defined in class path resource [hello/WebSecurityConfig.class]: Bean instantiation via factory method failed; nested exception is org.springframework.beans.BeanInstantiationException: Failed to instantiate [org.springframework.security.core.userdetails.UserDetailsService]: Factory method 'userDetailsService' threw exception; nested exception is java.lang.IndexOutOfBoundsException: Index: 0, Size: 0
Caused by: org.springframework.beans.factory.BeanCreationException: Error creating bean with name 'userDetailsService' defined in class path resource [hello/WebSecurityConfig.class]: Bean instantiation via factory method failed; nested exception is org.springframework.beans.BeanInstantiationException: Failed to instantiate [org.springframework.security.core.userdetails.UserDetailsService]: Factory method 'userDetailsService' threw exception; nested exception is java.lang.IndexOutOfBoundsException: Index: 0, Size: 0
Caused by: org.springframework.beans.BeanInstantiationException: Failed to instantiate [org.springframework.security.core.userdetails.UserDetailsService]: Factory method 'userDetailsService' threw exception; nested exception is java.lang.IndexOutOfBoundsException: Index: 0, Size: 0
Caused by: java.lang.IndexOutOfBoundsException: Index: 0, Size: 0

accessSecuredResourceAuthenticatedThenOk(hello.ApplicationTests)  Time elapsed: 0.001 s  <<< ERROR!
java.lang.IllegalStateException: Failed to load ApplicationContext
Caused by: org.springframework.beans.factory.BeanCreationException: Error creating bean with name 'springSecurityFilterChain' defined in class path resource [org/springframework/security/config/annotation/web/configuration/WebSecurityConfiguration.class]: Bean instantiation via factory method failed; nested exception is org.springframework.beans.BeanInstantiationException: Failed to instantiate [javax.servlet.Filter]: Factory method 'springSecurityFilterChain' threw exception; nested exception is org.springframework.beans.factory.BeanCreationException: Error creating bean with name 'userDetailsService' defined in class path resource [hello/WebSecurityConfig.class]: Bean instantiation via factory method failed; nested exception is org.springframework.beans.BeanInstantiationException: Failed to instantiate [org.springframework.security.core.userdetails.UserDetailsService]: Factory method 'userDetailsService' threw exception; nested exception is java.lang.IndexOutOfBoundsException: Index: 0, Size: 0
Caused by: org.springframework.beans.BeanInstantiationException: Failed to instantiate [javax.servlet.Filter]: Factory method 'springSecurityFilterChain' threw exception; nested exception is org.springframework.beans.factory.BeanCreationException: Error creating bean with name 'userDetailsService' defined in class path resource [hello/WebSecurityConfig.class]: Bean instantiation via factory method failed; nested exception is org.springframework.beans.BeanInstantiationException: Failed to instantiate [org.springframework.security.core.userdetails.UserDetailsService]: Factory method 'userDetailsService' threw exception; nested exception is java.lang.IndexOutOfBoundsException: Index: 0, Size: 0
Caused by: org.springframework.beans.factory.BeanCreationException: Error creating bean with name 'userDetailsService' defined in class path resource [hello/WebSecurityConfig.class]: Bean instantiation via factory method failed; nested exception is org.springframework.beans.BeanInstantiationException: Failed to instantiate [org.springframework.security.core.userdetails.UserDetailsService]: Factory method 'userDetailsService' threw exception; nested exception is java.lang.IndexOutOfBoundsException: Index: 0, Size: 0
Caused by: org.springframework.beans.BeanInstantiationException: Failed to instantiate [org.springframework.security.core.userdetails.UserDetailsService]: Factory method 'userDetailsService' threw exception; nested exception is java.lang.IndexOutOfBoundsException: Index: 0, Size: 0
Caused by: java.lang.IndexOutOfBoundsException: Index: 0, Size: 0

